2022-11-28 21:41:11,343 [INFO] django.utils.autoreload: Watching for file changes with StatReloader
2022-11-28 21:41:14,716 [INFO] django.request: [36mGET /[0m
2022-11-28 21:41:14,718 [ERROR] django.request: [35m{'Content-Length': '', 'Content-Type': 'text/plain', 'Host': '127.0.0.1:8000', 'Connection': 'keep-alive', 'Sec-Ch-Ua': '"Google Chrome";v="107", "Chromium";v="107", "Not=A?Brand";v="24"', 'Sec-Ch-Ua-Mobile': '?0', 'Sec-Ch-Ua-Platform': '"Windows"', 'Upgrade-Insecure-Requests': '1', 'User-Agent': 'Mozilla/5.0 (Windows NT 10.0; Win64; x64) AppleWebKit/537.36 (KHTML, like Gecko) Chrome/107.0.0.0 Safari/537.36', 'Accept': 'text/html,application/xhtml+xml,application/xml;q=0.9,image/avif,image/webp,image/apng,*/*;q=0.8,application/signed-exchange;v=b3;q=0.9', 'Sec-Fetch-Site': 'none', 'Sec-Fetch-Mode': 'navigate', 'Sec-Fetch-User': '?1', 'Sec-Fetch-Dest': 'document', 'Accept-Encoding': 'gzip, deflate, br', 'Accept-Language': 'ko-KR,ko;q=0.9,en-US;q=0.8,en;q=0.7', 'Cookie': 'my-refresh-token=eyJhbGciOiJIUzI1NiIsInR5cCI6IkpXVCJ9.eyJ0b2tlbl90eXBlIjoicmVmcmVzaCIsImV4cCI6MTY2OTk0NzQwNiwiaWF0IjoxNjY5MzQyNjA2LCJqdGkiOiI5NGI1YzU5MzlkYmI0YTUyOTc3MTNmNWM4OWE4YTNkMSIsInVzZXJfaWQiOjF9.OCi7ZkIwHQEHFfq3vi7kQ2_-xv1wMFHnJ5ky9iQCquI; messages=.eJyVzEsKgCAQANCryKwH6UPQsju0jJDBzIxRg9FFty_oBG3f4i0LGHNKTiY6EfIOsMFuQJirta_slflWEnxymwpJkajipEycLfGRpWi6Lg0IsOL_KvptbPvJRwqsbY5ftD4U-DJm:1ozCBZ:clGhvVBSOU2h48CcKet-2STBV7dLCGBsNbSWX8c9SwI; tabstyle=html-tab; csrftoken=eW46N7fMG49yCVDzyZ6i0aKIDLAbp2rn'}[0m
2022-11-28 21:41:14,789 [ERROR] django.request: [35mb''[0m
2022-11-28 21:41:14,807 [INFO] django.request: [35mGET / - 401[0m
2022-11-28 21:41:14,808 [WARNING] django.request: Unauthorized: /
2022-11-28 21:41:20,986 [INFO] django.request: [36mGET /signup[0m
2022-11-28 21:41:20,987 [ERROR] django.request: [35m{'Content-Length': '', 'Content-Type': 'text/plain', 'Host': '127.0.0.1:8000', 'Connection': 'keep-alive', 'Sec-Ch-Ua': '"Google Chrome";v="107", "Chromium";v="107", "Not=A?Brand";v="24"', 'Sec-Ch-Ua-Mobile': '?0', 'Sec-Ch-Ua-Platform': '"Windows"', 'Upgrade-Insecure-Requests': '1', 'User-Agent': 'Mozilla/5.0 (Windows NT 10.0; Win64; x64) AppleWebKit/537.36 (KHTML, like Gecko) Chrome/107.0.0.0 Safari/537.36', 'Accept': 'text/html,application/xhtml+xml,application/xml;q=0.9,image/avif,image/webp,image/apng,*/*;q=0.8,application/signed-exchange;v=b3;q=0.9', 'Sec-Fetch-Site': 'none', 'Sec-Fetch-Mode': 'navigate', 'Sec-Fetch-User': '?1', 'Sec-Fetch-Dest': 'document', 'Accept-Encoding': 'gzip, deflate, br', 'Accept-Language': 'ko-KR,ko;q=0.9,en-US;q=0.8,en;q=0.7', 'Cookie': 'my-refresh-token=eyJhbGciOiJIUzI1NiIsInR5cCI6IkpXVCJ9.eyJ0b2tlbl90eXBlIjoicmVmcmVzaCIsImV4cCI6MTY2OTk0NzQwNiwiaWF0IjoxNjY5MzQyNjA2LCJqdGkiOiI5NGI1YzU5MzlkYmI0YTUyOTc3MTNmNWM4OWE4YTNkMSIsInVzZXJfaWQiOjF9.OCi7ZkIwHQEHFfq3vi7kQ2_-xv1wMFHnJ5ky9iQCquI; messages=.eJyVzEsKgCAQANCryKwH6UPQsju0jJDBzIxRg9FFty_oBG3f4i0LGHNKTiY6EfIOsMFuQJirta_slflWEnxymwpJkajipEycLfGRpWi6Lg0IsOL_KvptbPvJRwqsbY5ftD4U-DJm:1ozCBZ:clGhvVBSOU2h48CcKet-2STBV7dLCGBsNbSWX8c9SwI; tabstyle=html-tab; csrftoken=eW46N7fMG49yCVDzyZ6i0aKIDLAbp2rn'}[0m
2022-11-28 21:41:20,999 [ERROR] django.request: [35mb''[0m
2022-11-28 21:41:21,014 [INFO] django.request: [35mGET /signup - 404[0m
2022-11-28 21:41:21,015 [WARNING] django.request: Not Found: /signup
2022-11-28 21:41:26,592 [INFO] django.request: [36mGET /user/signup/[0m
2022-11-28 21:41:26,594 [ERROR] django.request: [35m{'Content-Length': '', 'Content-Type': 'text/plain', 'Host': '127.0.0.1:8000', 'Connection': 'keep-alive', 'Upgrade-Insecure-Requests': '1', 'User-Agent': 'Mozilla/5.0 (Windows NT 10.0; Win64; x64) AppleWebKit/537.36 (KHTML, like Gecko) Chrome/107.0.0.0 Safari/537.36', 'Accept': 'text/html,application/xhtml+xml,application/xml;q=0.9,image/avif,image/webp,image/apng,*/*;q=0.8,application/signed-exchange;v=b3;q=0.9', 'Sec-Fetch-Site': 'none', 'Sec-Fetch-Mode': 'navigate', 'Sec-Fetch-User': '?1', 'Sec-Fetch-Dest': 'document', 'Sec-Ch-Ua': '"Google Chrome";v="107", "Chromium";v="107", "Not=A?Brand";v="24"', 'Sec-Ch-Ua-Mobile': '?0', 'Sec-Ch-Ua-Platform': '"Windows"', 'Accept-Encoding': 'gzip, deflate, br', 'Accept-Language': 'ko-KR,ko;q=0.9,en-US;q=0.8,en;q=0.7', 'Cookie': 'my-refresh-token=eyJhbGciOiJIUzI1NiIsInR5cCI6IkpXVCJ9.eyJ0b2tlbl90eXBlIjoicmVmcmVzaCIsImV4cCI6MTY2OTk0NzQwNiwiaWF0IjoxNjY5MzQyNjA2LCJqdGkiOiI5NGI1YzU5MzlkYmI0YTUyOTc3MTNmNWM4OWE4YTNkMSIsInVzZXJfaWQiOjF9.OCi7ZkIwHQEHFfq3vi7kQ2_-xv1wMFHnJ5ky9iQCquI; messages=.eJyVzEsKgCAQANCryKwH6UPQsju0jJDBzIxRg9FFty_oBG3f4i0LGHNKTiY6EfIOsMFuQJirta_slflWEnxymwpJkajipEycLfGRpWi6Lg0IsOL_KvptbPvJRwqsbY5ftD4U-DJm:1ozCBZ:clGhvVBSOU2h48CcKet-2STBV7dLCGBsNbSWX8c9SwI; tabstyle=html-tab; csrftoken=eW46N7fMG49yCVDzyZ6i0aKIDLAbp2rn'}[0m
2022-11-28 21:41:26,605 [ERROR] django.request: [35mb''[0m
2022-11-28 21:41:26,621 [INFO] django.request: [35mGET /user/signup/ - 405[0m
2022-11-28 21:41:26,622 [WARNING] django.request: Method Not Allowed: /user/signup/
2022-11-28 21:41:41,639 [ERROR] django.request: Internal Server Error: /user/signup/
Traceback (most recent call last):
  File "C:\Users\mgd81\anaconda3\envs\djang-cp2\lib\site-packages\django\core\handlers\exception.py", line 55, in inner
    response = get_response(request)
  File "C:\Users\mgd81\anaconda3\envs\djang-cp2\lib\site-packages\django\core\handlers\base.py", line 197, in _get_response
    response = wrapped_callback(request, *callback_args, **callback_kwargs)
  File "C:\Users\mgd81\anaconda3\envs\djang-cp2\lib\site-packages\django\views\decorators\csrf.py", line 54, in wrapped_view
    return view_func(*args, **kwargs)
  File "C:\Users\mgd81\anaconda3\envs\djang-cp2\lib\site-packages\django\views\generic\base.py", line 103, in view
    return self.dispatch(request, *args, **kwargs)
  File "C:\Users\mgd81\anaconda3\envs\djang-cp2\lib\site-packages\rest_framework\views.py", line 509, in dispatch
    response = self.handle_exception(exc)
  File "C:\Users\mgd81\anaconda3\envs\djang-cp2\lib\site-packages\rest_framework\views.py", line 469, in handle_exception
    self.raise_uncaught_exception(exc)
  File "C:\Users\mgd81\anaconda3\envs\djang-cp2\lib\site-packages\rest_framework\views.py", line 480, in raise_uncaught_exception
    raise exc
  File "C:\Users\mgd81\anaconda3\envs\djang-cp2\lib\site-packages\rest_framework\views.py", line 506, in dispatch
    response = handler(request, *args, **kwargs)
  File "C:\Users\mgd81\anaconda3\envs\djang-cp2\lib\site-packages\rest_framework\generics.py", line 190, in post
    return self.create(request, *args, **kwargs)
  File "C:\Users\mgd81\anaconda3\envs\djang-cp2\lib\site-packages\rest_framework\mixins.py", line 19, in create
    self.perform_create(serializer)
  File "C:\Users\mgd81\anaconda3\envs\djang-cp2\lib\site-packages\rest_framework\mixins.py", line 24, in perform_create
    serializer.save()
  File "C:\Users\mgd81\anaconda3\envs\djang-cp2\lib\site-packages\rest_framework\serializers.py", line 212, in save
    self.instance = self.create(validated_data)
  File "C:\Users\mgd81\github\ETL_pipeline\accounts\serializers.py", line 40, in create
    token = RefreshToken.for_user(user)
  File "C:\Users\mgd81\anaconda3\envs\djang-cp2\lib\site-packages\rest_framework_simplejwt\tokens.py", line 264, in for_user
    token=str(token),
  File "C:\Users\mgd81\anaconda3\envs\djang-cp2\lib\site-packages\rest_framework_simplejwt\tokens.py", line 81, in __str__
    return self.get_token_backend().encode(self.payload)
  File "C:\Users\mgd81\anaconda3\envs\djang-cp2\lib\site-packages\rest_framework_simplejwt\tokens.py", line 204, in get_token_backend
    return self.token_backend
  File "C:\Users\mgd81\anaconda3\envs\djang-cp2\lib\site-packages\rest_framework_simplejwt\tokens.py", line 197, in token_backend
    self._token_backend = import_string(
  File "C:\Users\mgd81\anaconda3\envs\djang-cp2\lib\site-packages\django\utils\module_loading.py", line 30, in import_string
    return cached_import(module_path, class_name)
  File "C:\Users\mgd81\anaconda3\envs\djang-cp2\lib\site-packages\django\utils\module_loading.py", line 15, in cached_import
    module = import_module(module_path)
  File "C:\Users\mgd81\anaconda3\envs\djang-cp2\lib\importlib\__init__.py", line 127, in import_module
    return _bootstrap._gcd_import(name[level:], package, level)
  File "<frozen importlib._bootstrap>", line 1030, in _gcd_import
  File "<frozen importlib._bootstrap>", line 1007, in _find_and_load
  File "<frozen importlib._bootstrap>", line 986, in _find_and_load_unlocked
  File "<frozen importlib._bootstrap>", line 680, in _load_unlocked
  File "<frozen importlib._bootstrap_external>", line 850, in exec_module
  File "<frozen importlib._bootstrap>", line 228, in _call_with_frames_removed
  File "C:\Users\mgd81\anaconda3\envs\djang-cp2\lib\site-packages\rest_framework_simplejwt\state.py", line 4, in <module>
    token_backend = TokenBackend(
  File "C:\Users\mgd81\anaconda3\envs\djang-cp2\lib\site-packages\rest_framework_simplejwt\backends.py", line 44, in __init__
    self._validate_algorithm(algorithm)
  File "C:\Users\mgd81\anaconda3\envs\djang-cp2\lib\site-packages\rest_framework_simplejwt\backends.py", line 66, in _validate_algorithm
    raise TokenBackendError(
rest_framework_simplejwt.exceptions.TokenBackendError: Unrecognized algorithm type '['HS256']'
2022-11-28 21:41:41,681 [INFO] django.request: [36mPOST /user/signup/[0m
2022-11-28 21:41:41,682 [ERROR] django.request: [35m{'Content-Length': '815', 'Content-Type': 'multipart/form-data; boundary=----WebKitFormBoundaryplBgHifNAxUo03aZ', 'Host': '127.0.0.1:8000', 'Connection': 'keep-alive', 'Cache-Control': 'max-age=0', 'Sec-Ch-Ua': '"Google Chrome";v="107", "Chromium";v="107", "Not=A?Brand";v="24"', 'Sec-Ch-Ua-Mobile': '?0', 'Sec-Ch-Ua-Platform': '"Windows"', 'Upgrade-Insecure-Requests': '1', 'Origin': 'http://127.0.0.1:8000', 'User-Agent': 'Mozilla/5.0 (Windows NT 10.0; Win64; x64) AppleWebKit/537.36 (KHTML, like Gecko) Chrome/107.0.0.0 Safari/537.36', 'Accept': 'text/html,application/xhtml+xml,application/xml;q=0.9,image/avif,image/webp,image/apng,*/*;q=0.8,application/signed-exchange;v=b3;q=0.9', 'Sec-Fetch-Site': 'same-origin', 'Sec-Fetch-Mode': 'navigate', 'Sec-Fetch-User': '?1', 'Sec-Fetch-Dest': 'document', 'Referer': 'http://127.0.0.1:8000/user/signup/', 'Accept-Encoding': 'gzip, deflate, br', 'Accept-Language': 'ko-KR,ko;q=0.9,en-US;q=0.8,en;q=0.7', 'Cookie': 'my-refresh-token=eyJhbGciOiJIUzI1NiIsInR5cCI6IkpXVCJ9.eyJ0b2tlbl90eXBlIjoicmVmcmVzaCIsImV4cCI6MTY2OTk0NzQwNiwiaWF0IjoxNjY5MzQyNjA2LCJqdGkiOiI5NGI1YzU5MzlkYmI0YTUyOTc3MTNmNWM4OWE4YTNkMSIsInVzZXJfaWQiOjF9.OCi7ZkIwHQEHFfq3vi7kQ2_-xv1wMFHnJ5ky9iQCquI; messages=.eJyVzEsKgCAQANCryKwH6UPQsju0jJDBzIxRg9FFty_oBG3f4i0LGHNKTiY6EfIOsMFuQJirta_slflWEnxymwpJkajipEycLfGRpWi6Lg0IsOL_KvptbPvJRwqsbY5ftD4U-DJm:1ozCBZ:clGhvVBSOU2h48CcKet-2STBV7dLCGBsNbSWX8c9SwI; tabstyle=html-tab; csrftoken=eW46N7fMG49yCVDzyZ6i0aKIDLAbp2rn'}[0m
2022-11-28 21:41:41,696 [ERROR] django.request: [35m------WebKitFormBoundaryplBgHifNAxUo03aZ[0m
2022-11-28 21:41:41,709 [ERROR] django.request: [35m[0m
2022-11-28 21:41:41,720 [ERROR] django.request: [35mContent-Disposition: form-data; name="csrfmiddlewaretoken"[0m
2022-11-28 21:41:41,733 [ERROR] django.request: [35m[0m
2022-11-28 21:41:41,745 [ERROR] django.request: [35mQZtOI6SzCOwqACzTKbi1iOGqw0ZTSn14ULnKl3Xb8IvO2n2i80e98OgYZBpU7fih[0m
2022-11-28 21:41:41,756 [ERROR] django.request: [35m------WebKitFormBoundaryplBgHifNAxUo03aZ[0m
2022-11-28 21:41:41,766 [ERROR] django.request: [35m[0m
2022-11-28 21:41:41,778 [ERROR] django.request: [35mContent-Disposition: form-data; name="email"[0m
2022-11-28 21:41:41,790 [ERROR] django.request: [35m[0m
2022-11-28 21:41:41,802 [ERROR] django.request: [35muser@user.com[0m
2022-11-28 21:41:41,813 [ERROR] django.request: [35m------WebKitFormBoundaryplBgHifNAxUo03aZ[0m
2022-11-28 21:41:41,824 [ERROR] django.request: [35m[0m
2022-11-28 21:41:41,835 [ERROR] django.request: [35mContent-Disposition: form-data; name="nickname"[0m
2022-11-28 21:41:41,846 [ERROR] django.request: [35m[0m
2022-11-28 21:41:41,860 [ERROR] django.request: [35msldke[0m
2022-11-28 21:41:41,870 [ERROR] django.request: [35m------WebKitFormBoundaryplBgHifNAxUo03aZ[0m
2022-11-28 21:41:41,881 [ERROR] django.request: [35m[0m
2022-11-28 21:41:41,893 [ERROR] django.request: [35mContent-Disposition: form-data; name="gender"[0m
2022-11-28 21:41:41,906 [ERROR] django.request: [35m[0m
2022-11-28 21:41:41,917 [ERROR] django.request: [35mM[0m
2022-11-28 21:41:41,928 [ERROR] django.request: [35m------WebKitFormBoundaryplBgHifNAxUo03aZ[0m
2022-11-28 21:41:41,939 [ERROR] django.request: [35m[0m
2022-11-28 21:41:41,949 [ERROR] django.request: [35mContent-Disposition: form-data; name="password"[0m
2022-11-28 21:41:41,963 [ERROR] django.request: [35m[0m
2022-11-28 21:41:41,975 [ERROR] django.request: [35mgydo6082[0m
2022-11-28 21:41:41,986 [ERROR] django.request: [35m------WebKitFormBoundaryplBgHifNAxUo03aZ[0m
2022-11-28 21:41:41,996 [ERROR] django.request: [35m[0m
2022-11-28 21:41:42,008 [ERROR] django.request: [35mContent-Disposition: form-data; name="password2"[0m
2022-11-28 21:41:42,018 [ERROR] django.request: [35m[0m
2022-11-28 21:41:42,029 [ERROR] django.request: [35mgydo6082[0m
2022-11-28 21:41:42,040 [ERROR] django.request: [35m------WebKitFormBoundaryplBgHifNAxUo03aZ[0m
2022-11-28 21:41:42,051 [ERROR] django.request: [35m[0m
2022-11-28 21:41:42,063 [ERROR] django.request: [35mContent-Disposition: form-data; name="name"[0m
2022-11-28 21:41:42,075 [ERROR] django.request: [35m[0m
2022-11-28 21:41:42,085 [ERROR] django.request: [35muser[0m
2022-11-28 21:41:42,097 [ERROR] django.request: [35m------WebKitFormBoundaryplBgHifNAxUo03aZ[0m
2022-11-28 21:41:42,110 [ERROR] django.request: [35m--[0m
2022-11-28 21:41:42,122 [ERROR] django.request: [35m[0m
2022-11-28 21:41:42,132 [INFO] django.request: [35mPOST /user/signup/ - 500[0m
2022-11-28 22:29:02,910 [INFO] django.utils.autoreload: Watching for file changes with StatReloader
2022-11-28 22:29:07,023 [WARNING] django.request: Bad Request: /user/signup/
2022-11-28 22:29:08,702 [WARNING] django.request: Bad Request: /user/signup/
2022-11-28 22:29:09,451 [WARNING] django.request: Bad Request: /user/signup/
2022-11-28 22:29:10,179 [WARNING] django.request: Bad Request: /user/signup/
2022-11-28 22:29:23,166 [WARNING] django.request: Bad Request: /user/signup/
2022-11-28 22:29:24,134 [WARNING] django.request: Bad Request: /user/signup/
2022-11-28 22:29:25,248 [WARNING] django.request: Bad Request: /user/signup/
2022-11-28 22:29:25,951 [WARNING] django.request: Bad Request: /user/signup/
2022-11-28 22:29:34,518 [WARNING] django.request: Method Not Allowed: /user/signup/
2022-11-28 22:29:36,260 [WARNING] django.request: Bad Request: /user/signup/
2022-11-29 10:07:36,922 [INFO] django.utils.autoreload: Watching for file changes with StatReloader
2022-11-29 10:07:39,494 [WARNING] django.request: Not Found: /static/rest_framework/css/bootstrap.min.css
2022-11-29 10:07:39,507 [WARNING] django.request: Not Found: /static/rest_framework/css/bootstrap-tweaks.css
2022-11-29 10:07:39,509 [WARNING] django.request: Not Found: /static/rest_framework/css/prettify.css
2022-11-29 10:07:39,513 [WARNING] django.request: Not Found: /static/rest_framework/css/default.css
2022-11-29 10:07:39,515 [WARNING] django.request: Not Found: /static/rest_framework/js/jquery-3.5.1.min.js
2022-11-29 10:07:39,521 [WARNING] django.request: Not Found: /static/rest_framework/js/bootstrap.min.js
2022-11-29 10:07:39,524 [WARNING] django.request: Not Found: /static/rest_framework/js/ajax-form.js
2022-11-29 10:07:39,527 [WARNING] django.request: Not Found: /static/rest_framework/js/csrf.js
2022-11-29 10:07:39,530 [WARNING] django.request: Not Found: /static/rest_framework/js/prettify-min.js
2022-11-29 10:07:39,535 [WARNING] django.request: Not Found: /static/rest_framework/js/default.js
2022-11-29 10:37:21,302 [INFO] django.utils.autoreload: Watching for file changes with StatReloader
2022-11-29 10:37:22,855 [WARNING] django.request: Not Found: /static/rest_framework/css/bootstrap.min.css
2022-11-29 10:37:22,865 [WARNING] django.request: Not Found: /static/rest_framework/css/bootstrap-tweaks.css
2022-11-29 10:37:22,867 [WARNING] django.request: Not Found: /static/rest_framework/css/prettify.css
2022-11-29 10:37:22,872 [WARNING] django.request: Not Found: /static/rest_framework/css/default.css
2022-11-29 10:37:22,874 [WARNING] django.request: Not Found: /static/rest_framework/js/jquery-3.5.1.min.js
2022-11-29 10:37:22,878 [WARNING] django.request: Not Found: /static/rest_framework/js/ajax-form.js
2022-11-29 10:37:22,883 [WARNING] django.request: Not Found: /static/rest_framework/js/bootstrap.min.js
2022-11-29 10:37:22,886 [WARNING] django.request: Not Found: /static/rest_framework/js/csrf.js
2022-11-29 10:37:22,889 [WARNING] django.request: Not Found: /static/rest_framework/js/prettify-min.js
2022-11-29 10:37:22,893 [WARNING] django.request: Not Found: /static/rest_framework/js/default.js
2022-11-29 10:37:24,978 [WARNING] django.request: Not Found: /static/rest_framework/css/bootstrap.min.css
2022-11-29 10:37:24,980 [WARNING] django.request: Not Found: /static/rest_framework/css/bootstrap-tweaks.css
2022-11-29 10:37:24,981 [WARNING] django.request: Not Found: /static/rest_framework/css/prettify.css
2022-11-29 10:37:24,982 [WARNING] django.request: Not Found: /static/rest_framework/css/default.css
2022-11-29 10:37:24,983 [WARNING] django.request: Not Found: /static/rest_framework/js/jquery-3.5.1.min.js
2022-11-29 10:37:24,985 [WARNING] django.request: Not Found: /static/rest_framework/js/ajax-form.js
2022-11-29 10:37:24,989 [WARNING] django.request: Not Found: /static/rest_framework/js/csrf.js
2022-11-29 10:37:24,992 [WARNING] django.request: Not Found: /static/rest_framework/js/bootstrap.min.js
2022-11-29 10:37:24,995 [WARNING] django.request: Not Found: /static/rest_framework/js/prettify-min.js
2022-11-29 10:37:24,996 [WARNING] django.request: Not Found: /static/rest_framework/js/default.js
2022-11-29 10:37:27,910 [WARNING] django.request: Not Found: /static/rest_framework/css/bootstrap.min.css
2022-11-29 10:37:27,911 [WARNING] django.request: Not Found: /static/rest_framework/css/bootstrap-tweaks.css
2022-11-29 10:37:27,912 [WARNING] django.request: Not Found: /static/rest_framework/css/prettify.css
2022-11-29 10:37:27,914 [WARNING] django.request: Not Found: /static/rest_framework/css/default.css
2022-11-29 10:37:27,916 [WARNING] django.request: Not Found: /static/rest_framework/js/jquery-3.5.1.min.js
2022-11-29 10:37:27,917 [WARNING] django.request: Not Found: /static/rest_framework/js/ajax-form.js
2022-11-29 10:37:27,921 [WARNING] django.request: Not Found: /static/rest_framework/js/csrf.js
2022-11-29 10:37:27,922 [WARNING] django.request: Not Found: /static/rest_framework/js/bootstrap.min.js
2022-11-29 10:37:27,927 [WARNING] django.request: Not Found: /static/rest_framework/js/prettify-min.js
2022-11-29 10:37:27,929 [WARNING] django.request: Not Found: /static/rest_framework/js/default.js
2022-11-29 10:38:56,372 [INFO] django.utils.autoreload: Watching for file changes with StatReloader
2022-11-29 10:39:24,201 [INFO] django.utils.autoreload: Watching for file changes with StatReloader
2022-11-29 10:39:26,103 [WARNING] django.request: Not Found: /static/rest_framework/css/bootstrap.min.css
2022-11-29 10:39:26,116 [WARNING] django.request: Not Found: /static/rest_framework/css/bootstrap-tweaks.css
2022-11-29 10:39:26,118 [WARNING] django.request: Not Found: /static/rest_framework/css/prettify.css
2022-11-29 10:39:26,123 [WARNING] django.request: Not Found: /static/rest_framework/css/default.css
2022-11-29 10:39:26,126 [WARNING] django.request: Not Found: /static/rest_framework/js/jquery-3.5.1.min.js
2022-11-29 10:39:26,131 [WARNING] django.request: Not Found: /static/rest_framework/js/bootstrap.min.js
2022-11-29 10:39:26,133 [WARNING] django.request: Not Found: /static/rest_framework/js/ajax-form.js
2022-11-29 10:39:26,139 [WARNING] django.request: Not Found: /static/rest_framework/js/prettify-min.js
2022-11-29 10:39:26,143 [WARNING] django.request: Not Found: /static/rest_framework/js/csrf.js
2022-11-29 10:39:26,145 [WARNING] django.request: Not Found: /static/rest_framework/js/default.js
2022-11-29 10:43:15,117 [INFO] django.utils.autoreload: C:\Users\mgd81\github\ETL_pipeline\myproject\settings.py changed, reloading.
2022-11-29 10:43:16,255 [INFO] django.utils.autoreload: Watching for file changes with StatReloader
2022-11-29 10:43:18,196 [INFO] django.utils.autoreload: C:\Users\mgd81\github\ETL_pipeline\myproject\settings.py changed, reloading.
2022-11-29 10:43:19,341 [INFO] django.utils.autoreload: Watching for file changes with StatReloader
2022-11-29 10:43:21,174 [ERROR] django.request: Internal Server Error: /
Traceback (most recent call last):
  File "C:\Users\mgd81\anaconda3\envs\djang-cp2\lib\site-packages\django\core\handlers\exception.py", line 55, in inner
    response = get_response(request)
  File "C:\Users\mgd81\anaconda3\envs\djang-cp2\lib\site-packages\django\core\handlers\base.py", line 220, in _get_response
    response = response.render()
  File "C:\Users\mgd81\anaconda3\envs\djang-cp2\lib\site-packages\django\template\response.py", line 114, in render
    self.content = self.rendered_content
  File "C:\Users\mgd81\anaconda3\envs\djang-cp2\lib\site-packages\rest_framework\response.py", line 70, in rendered_content
    ret = renderer.render(self.data, accepted_media_type, context)
  File "C:\Users\mgd81\anaconda3\envs\djang-cp2\lib\site-packages\rest_framework\renderers.py", line 722, in render
    template = loader.get_template(self.template)
  File "C:\Users\mgd81\anaconda3\envs\djang-cp2\lib\site-packages\django\template\loader.py", line 19, in get_template
    raise TemplateDoesNotExist(template_name, chain=chain)
django.template.exceptions.TemplateDoesNotExist: rest_framework/api.html
2022-11-29 10:43:25,463 [INFO] django.utils.autoreload: C:\Users\mgd81\github\ETL_pipeline\myproject\settings.py changed, reloading.
2022-11-29 10:43:26,660 [INFO] django.utils.autoreload: Watching for file changes with StatReloader
2022-11-29 10:43:27,267 [WARNING] django.request: Not Found: /static/rest_framework/css/bootstrap.min.css
2022-11-29 10:43:27,274 [WARNING] django.request: Not Found: /static/rest_framework/css/bootstrap-tweaks.css
2022-11-29 10:43:27,276 [WARNING] django.request: Not Found: /static/rest_framework/css/prettify.css
2022-11-29 10:43:27,278 [WARNING] django.request: Not Found: /static/rest_framework/css/default.css
2022-11-29 10:43:27,280 [WARNING] django.request: Not Found: /static/rest_framework/js/ajax-form.js
2022-11-29 10:43:27,285 [WARNING] django.request: Not Found: /static/rest_framework/js/jquery-3.5.1.min.js
2022-11-29 10:43:27,287 [WARNING] django.request: Not Found: /static/rest_framework/js/bootstrap.min.js
2022-11-29 10:43:27,288 [WARNING] django.request: Not Found: /static/rest_framework/js/csrf.js
2022-11-29 10:43:27,291 [WARNING] django.request: Not Found: /static/rest_framework/js/prettify-min.js
2022-11-29 10:43:27,294 [WARNING] django.request: Not Found: /static/rest_framework/js/default.js
2022-11-29 10:45:59,601 [INFO] django.utils.autoreload: C:\Users\mgd81\github\ETL_pipeline\myproject\settings.py changed, reloading.
2022-11-29 10:46:00,914 [INFO] django.utils.autoreload: Watching for file changes with StatReloader
2022-11-29 10:46:05,914 [INFO] django.utils.autoreload: C:\Users\mgd81\github\ETL_pipeline\myproject\settings.py changed, reloading.
2022-11-29 10:46:07,208 [INFO] django.utils.autoreload: Watching for file changes with StatReloader
2022-11-29 10:46:12,174 [INFO] django.utils.autoreload: C:\Users\mgd81\github\ETL_pipeline\myproject\settings.py changed, reloading.
2022-11-29 10:46:29,120 [INFO] django.utils.autoreload: Watching for file changes with StatReloader
2022-11-29 10:49:33,912 [INFO] django.utils.autoreload: Watching for file changes with StatReloader
2022-11-29 10:49:35,728 [WARNING] django.request: Not Found: /static/rest_framework/css/bootstrap.min.css
2022-11-29 10:49:35,731 [WARNING] django.request: Not Found: /static/rest_framework/css/bootstrap-tweaks.css
2022-11-29 10:49:35,733 [WARNING] django.request: Not Found: /static/rest_framework/css/prettify.css
2022-11-29 10:49:35,739 [WARNING] django.request: Not Found: /static/rest_framework/css/default.css
2022-11-29 10:49:35,742 [WARNING] django.request: Not Found: /static/rest_framework/js/jquery-3.5.1.min.js
2022-11-29 10:49:35,747 [WARNING] django.request: Not Found: /static/rest_framework/js/ajax-form.js
2022-11-29 10:49:35,751 [WARNING] django.request: Not Found: /static/rest_framework/js/bootstrap.min.js
2022-11-29 10:49:35,754 [WARNING] django.request: Not Found: /static/rest_framework/js/csrf.js
2022-11-29 10:49:35,756 [WARNING] django.request: Not Found: /static/rest_framework/js/prettify-min.js
2022-11-29 10:49:35,760 [WARNING] django.request: Not Found: /static/rest_framework/js/default.js
2022-11-29 10:49:41,603 [WARNING] django.request: Not Found: /static/rest_framework/css/bootstrap.min.css
2022-11-29 10:49:41,606 [WARNING] django.request: Not Found: /static/rest_framework/css/bootstrap-tweaks.css
2022-11-29 10:49:41,607 [WARNING] django.request: Not Found: /static/rest_framework/css/prettify.css
2022-11-29 10:49:41,608 [WARNING] django.request: Not Found: /static/rest_framework/css/default.css
2022-11-29 10:49:41,609 [WARNING] django.request: Not Found: /static/rest_framework/js/jquery-3.5.1.min.js
2022-11-29 10:49:41,611 [WARNING] django.request: Not Found: /static/rest_framework/js/ajax-form.js
2022-11-29 10:49:41,614 [WARNING] django.request: Not Found: /static/rest_framework/js/csrf.js
2022-11-29 10:49:41,615 [WARNING] django.request: Not Found: /static/rest_framework/js/bootstrap.min.js
2022-11-29 10:49:41,619 [WARNING] django.request: Not Found: /static/rest_framework/js/prettify-min.js
2022-11-29 10:49:41,620 [WARNING] django.request: Not Found: /static/rest_framework/js/default.js
2022-11-29 10:49:42,485 [WARNING] django.request: Not Found: /static/rest_framework/css/bootstrap.min.css
2022-11-29 10:49:42,490 [WARNING] django.request: Not Found: /static/rest_framework/css/bootstrap-tweaks.css
2022-11-29 10:49:42,492 [WARNING] django.request: Not Found: /static/rest_framework/css/prettify.css
2022-11-29 10:49:42,495 [WARNING] django.request: Not Found: /static/rest_framework/css/default.css
2022-11-29 10:49:42,497 [WARNING] django.request: Not Found: /static/rest_framework/js/jquery-3.5.1.min.js
2022-11-29 10:49:42,498 [WARNING] django.request: Not Found: /static/rest_framework/js/ajax-form.js
2022-11-29 10:49:42,501 [WARNING] django.request: Not Found: /static/rest_framework/js/csrf.js
2022-11-29 10:49:42,505 [WARNING] django.request: Not Found: /static/rest_framework/js/bootstrap.min.js
2022-11-29 10:49:42,508 [WARNING] django.request: Not Found: /static/rest_framework/js/prettify-min.js
2022-11-29 10:49:42,514 [WARNING] django.request: Not Found: /static/rest_framework/js/default.js
2022-11-29 10:50:06,112 [WARNING] django.request: Unauthorized: /
2022-11-29 10:50:06,135 [WARNING] django.request: Not Found: /static/rest_framework/css/bootstrap.min.css
2022-11-29 10:50:06,145 [WARNING] django.request: Not Found: /static/rest_framework/css/bootstrap-tweaks.css
2022-11-29 10:50:06,147 [WARNING] django.request: Not Found: /static/rest_framework/css/prettify.css
2022-11-29 10:50:06,149 [WARNING] django.request: Not Found: /static/rest_framework/css/default.css
2022-11-29 10:50:06,149 [WARNING] django.request: Not Found: /static/rest_framework/js/jquery-3.5.1.min.js
2022-11-29 10:50:06,152 [WARNING] django.request: Not Found: /static/rest_framework/js/ajax-form.js
2022-11-29 10:50:06,152 [WARNING] django.request: Not Found: /static/rest_framework/js/csrf.js
2022-11-29 10:50:06,157 [WARNING] django.request: Not Found: /static/rest_framework/js/bootstrap.min.js
2022-11-29 10:50:06,159 [WARNING] django.request: Not Found: /static/rest_framework/js/prettify-min.js
2022-11-29 10:50:06,165 [WARNING] django.request: Not Found: /static/rest_framework/js/default.js
2022-11-29 10:50:06,981 [WARNING] django.request: Not Found: /static/rest_framework/css/bootstrap.min.css
2022-11-29 10:50:06,986 [WARNING] django.request: Not Found: /static/rest_framework/css/bootstrap-tweaks.css
2022-11-29 10:50:06,988 [WARNING] django.request: Not Found: /static/rest_framework/css/prettify.css
2022-11-29 10:50:06,991 [WARNING] django.request: Not Found: /static/rest_framework/css/default.css
2022-11-29 10:50:22,038 [WARNING] django.request: Not Found: /static/rest_framework/css/bootstrap.min.css
2022-11-29 10:50:22,045 [WARNING] django.request: Not Found: /static/rest_framework/css/bootstrap-tweaks.css
2022-11-29 10:50:22,046 [WARNING] django.request: Not Found: /static/rest_framework/css/prettify.css
2022-11-29 10:50:22,048 [WARNING] django.request: Not Found: /static/rest_framework/css/default.css
2022-11-29 10:50:22,049 [WARNING] django.request: Not Found: /static/rest_framework/js/jquery-3.5.1.min.js
2022-11-29 10:50:22,051 [WARNING] django.request: Not Found: /static/rest_framework/js/ajax-form.js
2022-11-29 10:50:22,052 [WARNING] django.request: Not Found: /static/rest_framework/js/csrf.js
2022-11-29 10:50:22,057 [WARNING] django.request: Not Found: /static/rest_framework/js/bootstrap.min.js
2022-11-29 10:50:22,060 [WARNING] django.request: Not Found: /static/rest_framework/js/prettify-min.js
2022-11-29 10:50:22,067 [WARNING] django.request: Not Found: /static/rest_framework/js/default.js
2022-11-29 10:50:30,288 [WARNING] django.request: Not Found: /static/rest_framework/css/bootstrap.min.css
2022-11-29 10:50:30,293 [WARNING] django.request: Not Found: /static/rest_framework/css/bootstrap-tweaks.css
2022-11-29 10:50:30,295 [WARNING] django.request: Not Found: /static/rest_framework/css/prettify.css
2022-11-29 10:50:30,296 [WARNING] django.request: Not Found: /static/rest_framework/css/default.css
2022-11-29 10:50:30,297 [WARNING] django.request: Not Found: /static/rest_framework/js/jquery-3.5.1.min.js
2022-11-29 10:50:30,300 [WARNING] django.request: Not Found: /static/rest_framework/js/ajax-form.js
2022-11-29 10:50:30,301 [WARNING] django.request: Not Found: /static/rest_framework/js/csrf.js
2022-11-29 10:50:30,305 [WARNING] django.request: Not Found: /static/rest_framework/js/bootstrap.min.js
2022-11-29 10:50:30,307 [WARNING] django.request: Not Found: /static/rest_framework/js/prettify-min.js
2022-11-29 10:50:30,311 [WARNING] django.request: Not Found: /static/rest_framework/js/default.js
2022-11-29 10:50:34,753 [WARNING] django.request: Not Found: /static/rest_framework/css/bootstrap.min.css
2022-11-29 10:50:34,756 [WARNING] django.request: Not Found: /static/rest_framework/css/bootstrap-tweaks.css
2022-11-29 10:50:34,757 [WARNING] django.request: Not Found: /static/rest_framework/css/prettify.css
2022-11-29 10:50:34,761 [WARNING] django.request: Not Found: /static/rest_framework/js/csrf.js
2022-11-29 10:50:34,762 [WARNING] django.request: Not Found: /static/rest_framework/js/jquery-3.5.1.min.js
2022-11-29 10:50:34,763 [WARNING] django.request: Not Found: /static/rest_framework/js/ajax-form.js
2022-11-29 10:50:34,764 [WARNING] django.request: Not Found: /static/rest_framework/css/default.css
2022-11-29 10:50:34,768 [WARNING] django.request: Not Found: /static/rest_framework/js/bootstrap.min.js
2022-11-29 10:50:34,770 [WARNING] django.request: Not Found: /static/rest_framework/js/prettify-min.js
2022-11-29 10:50:34,774 [WARNING] django.request: Not Found: /static/rest_framework/js/default.js
2022-11-29 10:52:25,885 [INFO] django.utils.autoreload: C:\Users\mgd81\github\ETL_pipeline\myproject\settings.py changed, reloading.
2022-11-29 10:52:27,392 [INFO] django.utils.autoreload: Watching for file changes with StatReloader
2022-11-29 10:52:28,079 [WARNING] django.request: Not Found: /static/rest_framework/css/bootstrap.min.css
2022-11-29 10:52:28,090 [WARNING] django.request: Not Found: /static/rest_framework/css/bootstrap-tweaks.css
2022-11-29 10:52:28,093 [WARNING] django.request: Not Found: /static/rest_framework/css/prettify.css
2022-11-29 10:52:28,095 [WARNING] django.request: Not Found: /static/rest_framework/css/default.css
2022-11-29 10:52:28,100 [WARNING] django.request: Not Found: /static/rest_framework/js/jquery-3.5.1.min.js
2022-11-29 10:52:28,106 [WARNING] django.request: Not Found: /static/rest_framework/js/ajax-form.js
2022-11-29 10:52:28,110 [WARNING] django.request: Not Found: /static/rest_framework/js/csrf.js
2022-11-29 10:52:28,115 [WARNING] django.request: Not Found: /static/rest_framework/js/bootstrap.min.js
2022-11-29 10:52:28,120 [WARNING] django.request: Not Found: /static/rest_framework/js/prettify-min.js
2022-11-29 10:52:28,126 [WARNING] django.request: Not Found: /static/rest_framework/js/default.js
2022-11-29 10:55:29,107 [WARNING] django.request: Not Found: /static/rest_framework/css/bootstrap.min.css
2022-11-29 10:55:29,115 [WARNING] django.request: Not Found: /static/rest_framework/css/bootstrap-tweaks.css
2022-11-29 10:55:29,117 [WARNING] django.request: Not Found: /static/rest_framework/css/prettify.css
2022-11-29 10:55:29,118 [WARNING] django.request: Not Found: /static/rest_framework/css/default.css
2022-11-29 10:55:29,119 [WARNING] django.request: Not Found: /static/rest_framework/js/jquery-3.5.1.min.js
2022-11-29 10:55:29,121 [WARNING] django.request: Not Found: /static/rest_framework/js/ajax-form.js
2022-11-29 10:55:29,124 [WARNING] django.request: Not Found: /static/rest_framework/js/csrf.js
2022-11-29 10:55:29,126 [WARNING] django.request: Not Found: /static/rest_framework/js/bootstrap.min.js
2022-11-29 10:55:29,131 [WARNING] django.request: Not Found: /static/rest_framework/js/prettify-min.js
2022-11-29 10:55:29,133 [WARNING] django.request: Not Found: /static/rest_framework/js/default.js
